<?xml version="1.0" encoding="UTF-8"?>
<coverage generated="1764826210856" clover="3.2.0">
  <project timestamp="1764826210856" name="All files">
    <metrics statements="22" coveredstatements="22" conditionals="7" coveredconditionals="6" methods="9" coveredmethods="9" elements="38" coveredelements="37" complexity="0" loc="22" ncloc="22" packages="3" files="5" classes="5"/>
    <package name="src">
      <metrics statements="7" coveredstatements="7" conditionals="2" coveredconditionals="1" methods="2" coveredmethods="2"/>
      <file name="FirstStepsApp.tsx" path="C:\Users\migui\react-course\first-steps\src\FirstStepsApp.tsx">
        <metrics statements="1" coveredstatements="1" conditionals="0" coveredconditionals="0" methods="1" coveredmethods="1"/>
        <line num="8" count="1" type="stmt"/>
      </file>
      <file name="MyAwesomeApp.tsx" path="C:\Users\migui\react-course\first-steps\src\MyAwesomeApp.tsx">
        <metrics statements="6" coveredstatements="6" conditionals="2" coveredconditionals="1" methods="1" coveredmethods="1"/>
        <line num="3" count="1" type="stmt"/>
        <line num="12" count="1" type="stmt"/>
        <line num="13" count="1" type="stmt"/>
        <line num="15" count="1" type="stmt"/>
        <line num="16" count="1" type="stmt"/>
        <line num="18" count="1" type="stmt"/>
      </file>
    </package>
    <package name="src.helpers">
      <metrics statements="8" coveredstatements="8" conditionals="0" coveredconditionals="0" methods="4" coveredmethods="4"/>
      <file name="math.helerper.ts" path="C:\Users\migui\react-course\first-steps\src\helpers\math.helerper.ts">
        <metrics statements="8" coveredstatements="8" conditionals="0" coveredconditionals="0" methods="4" coveredmethods="4"/>
        <line num="3" count="1" type="stmt"/>
        <line num="4" count="2" type="stmt"/>
        <line num="7" count="1" type="stmt"/>
        <line num="8" count="2" type="stmt"/>
        <line num="11" count="1" type="stmt"/>
        <line num="12" count="3" type="stmt"/>
        <line num="15" count="1" type="stmt"/>
        <line num="16" count="1" type="stmt"/>
      </file>
    </package>
    <package name="src.shopping-cart">
      <metrics statements="7" coveredstatements="7" conditionals="5" coveredconditionals="5" methods="3" coveredmethods="3"/>
      <file name="ItemCounter.css" path="C:\Users\migui\react-course\first-steps\src\shopping-cart\ItemCounter.css">
        <metrics statements="0" coveredstatements="0" conditionals="0" coveredconditionals="0" methods="0" coveredmethods="0"/>
      </file>
      <file name="ItemCounter.tsx" path="C:\Users\migui\react-course\first-steps\src\shopping-cart\ItemCounter.tsx">
        <metrics statements="7" coveredstatements="7" conditionals="5" coveredconditionals="5" methods="3" coveredmethods="3"/>
        <line num="11" count="1" type="cond" truecount="1" falsecount="0"/>
        <line num="12" count="9" type="stmt"/>
        <line num="14" count="9" type="stmt"/>
        <line num="15" count="1" type="stmt"/>
        <line num="18" count="9" type="stmt"/>
        <line num="19" count="2" type="cond" truecount="2" falsecount="0"/>
        <line num="20" count="1" type="stmt"/>
      </file>
    </package>
  </project>
</coverage>
