{"C:\\Users\\migui\\react-course\\first-steps\\src\\FirstStepsApp.tsx": {"path":"C:\\Users\\migui\\react-course\\first-steps\\src\\FirstStepsApp.tsx","statementMap":{"0":{"start":{"line":8,"column":34},"end":{"line":29,"column":null}}},"fnMap":{"0":{"name":"FirstSetepsApp","decl":{"start":{"line":31,"column":16},"end":{"line":31,"column":null}},"loc":{"start":{"line":31,"column":16},"end":{"line":40,"column":null}},"line":31}},"branchMap":{},"s":{"0":1},"f":{"0":3},"b":{},"meta":{"lastBranch":0,"lastFunction":1,"lastStatement":1,"seen":{"s:8:34:29:Infinity":0,"f:31:16:31:Infinity":0}}}
,"C:\\Users\\migui\\react-course\\first-steps\\src\\MyAwesomeApp.tsx": {"path":"C:\\Users\\migui\\react-course\\first-steps\\src\\MyAwesomeApp.tsx","statementMap":{"0":{"start":{"line":3,"column":35},"end":{"line":10,"column":null}},"1":{"start":{"line":12,"column":13},"end":{"line":12,"column":null}},"2":{"start":{"line":13,"column":17},"end":{"line":13,"column":null}},"3":{"start":{"line":15,"column":22},"end":{"line":15,"column":null}},"4":{"start":{"line":16,"column":17},"end":{"line":16,"column":null}},"5":{"start":{"line":18,"column":16},"end":{"line":21,"column":null}}},"fnMap":{"0":{"name":"MyAwesomeApp","decl":{"start":{"line":23,"column":16},"end":{"line":23,"column":null}},"loc":{"start":{"line":23,"column":16},"end":{"line":33,"column":null}},"line":23}},"branchMap":{"0":{"loc":{"start":{"line":28,"column":11},"end":{"line":28,"column":null}},"type":"cond-expr","locations":[{"start":{"line":28,"column":22},"end":{"line":28,"column":33}},{"start":{"line":28,"column":33},"end":{"line":28,"column":null}}],"line":28}},"s":{"0":1,"1":1,"2":1,"3":1,"4":1,"5":1},"f":{"0":3},"b":{"0":[3,0]},"meta":{"lastBranch":1,"lastFunction":1,"lastStatement":6,"seen":{"s:3:35:10:Infinity":0,"s:12:13:12:Infinity":1,"s:13:17:13:Infinity":2,"s:15:22:15:Infinity":3,"s:16:17:16:Infinity":4,"s:18:16:21:Infinity":5,"f:23:16:23:Infinity":0,"b:28:22:28:33:28:33:28:Infinity":0}}}
,"C:\\Users\\migui\\react-course\\first-steps\\src\\helpers\\math.helerper.ts": {"path":"C:\\Users\\migui\\react-course\\first-steps\\src\\helpers\\math.helerper.ts","statementMap":{"0":{"start":{"line":3,"column":19},"end":{"line":5,"column":null}},"1":{"start":{"line":4,"column":4},"end":{"line":4,"column":null}},"2":{"start":{"line":7,"column":25},"end":{"line":9,"column":null}},"3":{"start":{"line":8,"column":4},"end":{"line":8,"column":null}},"4":{"start":{"line":11,"column":24},"end":{"line":13,"column":null}},"5":{"start":{"line":12,"column":4},"end":{"line":12,"column":null}},"6":{"start":{"line":15,"column":22},"end":{"line":17,"column":null}},"7":{"start":{"line":16,"column":4},"end":{"line":16,"column":null}}},"fnMap":{"0":{"name":"(anonymous_0)","decl":{"start":{"line":3,"column":19},"end":{"line":3,"column":20}},"loc":{"start":{"line":3,"column":31},"end":{"line":5,"column":null}},"line":3},"1":{"name":"(anonymous_1)","decl":{"start":{"line":7,"column":25},"end":{"line":7,"column":26}},"loc":{"start":{"line":7,"column":37},"end":{"line":9,"column":null}},"line":7},"2":{"name":"(anonymous_2)","decl":{"start":{"line":11,"column":24},"end":{"line":11,"column":25}},"loc":{"start":{"line":11,"column":36},"end":{"line":13,"column":null}},"line":11},"3":{"name":"(anonymous_3)","decl":{"start":{"line":15,"column":22},"end":{"line":15,"column":23}},"loc":{"start":{"line":15,"column":34},"end":{"line":17,"column":null}},"line":15}},"branchMap":{},"s":{"0":1,"1":2,"2":1,"3":2,"4":1,"5":3,"6":1,"7":1},"f":{"0":2,"1":2,"2":3,"3":1},"b":{},"meta":{"lastBranch":0,"lastFunction":4,"lastStatement":8,"seen":{"s:3:19:5:Infinity":0,"f:3:19:3:20":0,"s:4:4:4:Infinity":1,"s:7:25:9:Infinity":2,"f:7:25:7:26":1,"s:8:4:8:Infinity":3,"s:11:24:13:Infinity":4,"f:11:24:11:25":2,"s:12:4:12:Infinity":5,"s:15:22:17:Infinity":6,"f:15:22:15:23":3,"s:16:4:16:Infinity":7}}}
,"C:\\Users\\migui\\react-course\\first-steps\\src\\shopping-cart\\ItemCounter.css": {"path":"C:\\Users\\migui\\react-course\\first-steps\\src\\shopping-cart\\ItemCounter.css","statementMap":{},"fnMap":{},"branchMap":{},"s":{},"f":{},"b":{},"meta":{"lastBranch":0,"lastFunction":0,"lastStatement":0,"seen":{}}}
,"C:\\Users\\migui\\react-course\\first-steps\\src\\shopping-cart\\ItemCounter.tsx": {"path":"C:\\Users\\migui\\react-course\\first-steps\\src\\shopping-cart\\ItemCounter.tsx","statementMap":{"0":{"start":{"line":11,"column":27},"end":{"line":47,"column":null}},"1":{"start":{"line":12,"column":33},"end":{"line":12,"column":null}},"2":{"start":{"line":14,"column":25},"end":{"line":16,"column":null}},"3":{"start":{"line":15,"column":4},"end":{"line":15,"column":null}},"4":{"start":{"line":18,"column":25},"end":{"line":21,"column":null}},"5":{"start":{"line":19,"column":4},"end":{"line":19,"column":null}},"6":{"start":{"line":19,"column":25},"end":{"line":19,"column":null}},"7":{"start":{"line":20,"column":4},"end":{"line":20,"column":null}}},"fnMap":{"0":{"name":"(anonymous_0)","decl":{"start":{"line":11,"column":27},"end":{"line":11,"column":28}},"loc":{"start":{"line":11,"column":68},"end":{"line":47,"column":null}},"line":11},"1":{"name":"(anonymous_1)","decl":{"start":{"line":14,"column":25},"end":{"line":14,"column":null}},"loc":{"start":{"line":14,"column":25},"end":{"line":16,"column":null}},"line":14},"2":{"name":"(anonymous_2)","decl":{"start":{"line":18,"column":25},"end":{"line":18,"column":null}},"loc":{"start":{"line":18,"column":25},"end":{"line":21,"column":null}},"line":18}},"branchMap":{"0":{"loc":{"start":{"line":11,"column":36},"end":{"line":11,"column":48}},"type":"default-arg","locations":[{"start":{"line":11,"column":47},"end":{"line":11,"column":48}}],"line":11},"1":{"loc":{"start":{"line":19,"column":4},"end":{"line":19,"column":null}},"type":"if","locations":[{"start":{"line":19,"column":4},"end":{"line":19,"column":null}},{"start":{},"end":{}}],"line":19},"2":{"loc":{"start":{"line":36,"column":17},"end":{"line":36,"column":null}},"type":"cond-expr","locations":[{"start":{"line":36,"column":35},"end":{"line":36,"column":42}},{"start":{"line":36,"column":42},"end":{"line":36,"column":null}}],"line":36}},"s":{"0":1,"1":9,"2":9,"3":1,"4":9,"5":2,"6":1,"7":1},"f":{"0":9,"1":1,"2":2},"b":{"0":[9],"1":[1,1],"2":[4,5]},"meta":{"lastBranch":3,"lastFunction":3,"lastStatement":8,"seen":{"s:11:27:47:Infinity":0,"f:11:27:11:28":0,"b:11:47:11:48":0,"s:12:33:12:Infinity":1,"s:14:25:16:Infinity":2,"f:14:25:14:Infinity":1,"s:15:4:15:Infinity":3,"s:18:25:21:Infinity":4,"f:18:25:18:Infinity":2,"b:19:4:19:Infinity:undefined:undefined:undefined:undefined":1,"s:19:4:19:Infinity":5,"s:19:25:19:Infinity":6,"s:20:4:20:Infinity":7,"b:36:35:36:42:36:42:36:Infinity":2}}}
}
